<?xml version="1.0" encoding="UTF-8"?>
<!-- Generated by org.testng.reporters.JUnitReportReporter -->
<testsuite hostname="akilan-18633-gf" failures="0" tests="1" name="saucelabdemoTest.TestStandardUserLogin" time="1.084" errors="0" timestamp="2023-11-04T18:02:19 IST" skipped="0">
  <testcase classname="saucelabdemoTest.TestStandardUserLogin" name="testStandardUserCanLogin" time="1.084"/>
</testsuite> <!-- saucelabdemoTest.TestStandardUserLogin -->
