<?xml version="1.0" encoding="UTF-8"?>
<!-- Generated by org.testng.reporters.JUnitReportReporter -->
<testsuite hostname="akilan-18633-gf" failures="0" tests="1" name="saucelabdemoTest.TestLockedOutUserLogin" time="0.799" errors="0" timestamp="2023-11-04T18:02:19 IST" skipped="0">
  <testcase classname="saucelabdemoTest.TestLockedOutUserLogin" name="testLockedOutUserGetsErrorMessage" time="0.799"/>
</testsuite> <!-- saucelabdemoTest.TestLockedOutUserLogin -->
