<?xml version="1.0" encoding="UTF-8"?>
<!-- Generated by org.testng.reporters.JUnitReportReporter -->
<testsuite hostname="akilan-18633-gf" failures="0" tests="1" name="saucelabdemoTest.TestBackPack" time="1.198" errors="0" timestamp="2023-11-04T18:02:19 IST" skipped="0">
  <testcase classname="saucelabdemoTest.TestBackPack" name="testAddBackPack" time="1.198"/>
</testsuite> <!-- saucelabdemoTest.TestBackPack -->
