<?xml version="1.0" encoding="UTF-8"?>
<!-- Generated by org.testng.reporters.JUnitReportReporter -->
<testsuite hostname="akilan-18633-gf" failures="0" tests="1" name="saucelabdemoTest.ActionsClass" time="14.265" errors="0" timestamp="2023-12-01T12:23:17 IST" skipped="0">
  <testcase classname="saucelabdemoTest.ActionsClass" name="ctrlKey12" time="14.265"/>
</testsuite> <!-- saucelabdemoTest.ActionsClass -->
