<?xml version="1.0" encoding="UTF-8"?>
<!-- Generated by org.testng.reporters.JUnitReportReporter -->
<testsuite hostname="akilan-18633-gf" failures="0" tests="1" name="saucelabdemoTest.OpenBrowser" time="9.335" errors="0" timestamp="2023-12-25T17:08:08 IST" skipped="0">
  <testcase classname="saucelabdemoTest.OpenBrowser" name="openBrowser" time="9.335"/>
</testsuite> <!-- saucelabdemoTest.OpenBrowser -->
